mode: atomic
github.com/valord577/mailx/sender.go:16.41,18.16 2 1
github.com/valord577/mailx/sender.go:22.2,23.16 2 1
github.com/valord577/mailx/sender.go:27.2,27.30 1 1
github.com/valord577/mailx/sender.go:18.16,20.3 1 0
github.com/valord577/mailx/sender.go:23.16,25.3 1 0
github.com/valord577/mailx/sender.go:31.72,32.37 1 1
github.com/valord577/mailx/sender.go:36.2,36.26 1 1
github.com/valord577/mailx/sender.go:42.2,43.16 2 1
github.com/valord577/mailx/sender.go:47.2,47.41 1 1
github.com/valord577/mailx/sender.go:51.2,51.18 1 1
github.com/valord577/mailx/sender.go:32.37,34.3 1 0
github.com/valord577/mailx/sender.go:36.26,37.38 1 1
github.com/valord577/mailx/sender.go:37.38,39.4 1 0
github.com/valord577/mailx/sender.go:43.16,45.3 1 0
github.com/valord577/mailx/sender.go:47.41,50.3 2 0
github.com/valord577/mailx/sender.go:55.32,57.2 1 1
github.com/valord577/mailx/writer.go:20.62,22.29 2 12
github.com/valord577/mailx/writer.go:26.2,30.11 4 1
github.com/valord577/mailx/writer.go:48.2,48.17 1 1
github.com/valord577/mailx/writer.go:22.29,24.3 1 11
github.com/valord577/mailx/writer.go:30.11,31.22 1 2
github.com/valord577/mailx/writer.go:35.3,36.20 2 2
github.com/valord577/mailx/writer.go:40.3,41.17 2 2
github.com/valord577/mailx/writer.go:45.3,46.25 2 2
github.com/valord577/mailx/writer.go:31.22,32.9 1 0
github.com/valord577/mailx/writer.go:36.20,39.4 2 1
github.com/valord577/mailx/writer.go:41.17,43.4 1 0
github.com/valord577/mailx/writer.go:51.62,53.16 2 13
github.com/valord577/mailx/writer.go:56.2,57.16 2 13
github.com/valord577/mailx/writer.go:60.2,60.19 1 13
github.com/valord577/mailx/writer.go:53.16,55.3 1 0
github.com/valord577/mailx/writer.go:57.16,59.3 1 0
github.com/valord577/mailx/auth.go:17.36,19.2 1 1
github.com/valord577/mailx/auth.go:22.76,28.46 1 5
github.com/valord577/mailx/auth.go:31.2,31.27 1 4
github.com/valord577/mailx/auth.go:34.2,34.26 1 2
github.com/valord577/mailx/auth.go:28.46,30.3 1 1
github.com/valord577/mailx/auth.go:31.27,33.3 1 2
github.com/valord577/mailx/auth.go:38.72,39.11 1 7
github.com/valord577/mailx/auth.go:43.2,43.39 1 5
github.com/valord577/mailx/auth.go:46.2,46.39 1 3
github.com/valord577/mailx/auth.go:49.2,49.78 1 1
github.com/valord577/mailx/auth.go:39.11,41.3 1 2
github.com/valord577/mailx/auth.go:43.39,45.3 1 2
github.com/valord577/mailx/auth.go:46.39,48.3 1 2
github.com/valord577/mailx/dialer.go:36.32,38.2 1 1
github.com/valord577/mailx/dialer.go:40.42,41.24 1 1
github.com/valord577/mailx/dialer.go:44.2,44.20 1 0
github.com/valord577/mailx/dialer.go:41.24,43.3 1 1
github.com/valord577/mailx/dialer.go:47.79,49.2 1 1
github.com/valord577/mailx/dialer.go:51.62,52.22 1 1
github.com/valord577/mailx/dialer.go:56.2,57.9 2 1
github.com/valord577/mailx/dialer.go:61.2,61.41 1 1
github.com/valord577/mailx/dialer.go:64.2,64.38 1 1
github.com/valord577/mailx/dialer.go:67.2,67.38 1 1
github.com/valord577/mailx/dialer.go:74.2,74.80 1 0
github.com/valord577/mailx/dialer.go:52.22,54.3 1 0
github.com/valord577/mailx/dialer.go:57.9,59.3 1 0
github.com/valord577/mailx/dialer.go:61.41,63.3 1 0
github.com/valord577/mailx/dialer.go:64.38,66.3 1 0
github.com/valord577/mailx/dialer.go:67.38,73.3 1 1
github.com/valord577/mailx/dialer.go:79.42,86.20 3 1
github.com/valord577/mailx/dialer.go:92.2,92.16 1 1
github.com/valord577/mailx/dialer.go:95.2,95.21 1 1
github.com/valord577/mailx/dialer.go:86.20,88.3 1 0
github.com/valord577/mailx/dialer.go:88.8,91.3 1 1
github.com/valord577/mailx/dialer.go:92.16,94.3 1 0
github.com/valord577/mailx/dialer.go:98.55,100.16 2 1
github.com/valord577/mailx/dialer.go:104.2,104.21 1 1
github.com/valord577/mailx/dialer.go:113.2,114.16 2 1
github.com/valord577/mailx/dialer.go:119.2,119.17 1 1
github.com/valord577/mailx/dialer.go:125.2,125.24 1 1
github.com/valord577/mailx/dialer.go:100.16,102.3 1 0
github.com/valord577/mailx/dialer.go:104.21,105.43 1 1
github.com/valord577/mailx/dialer.go:105.43,106.51 1 1
github.com/valord577/mailx/dialer.go:106.51,109.5 2 0
github.com/valord577/mailx/dialer.go:114.16,117.3 2 0
github.com/valord577/mailx/dialer.go:119.17,120.37 1 1
github.com/valord577/mailx/dialer.go:120.37,123.4 2 0
github.com/valord577/mailx/dialer.go:130.48,132.16 2 1
github.com/valord577/mailx/dialer.go:135.2,137.18 2 1
github.com/valord577/mailx/dialer.go:132.16,134.3 1 0
github.com/valord577/mailx/file.go:21.37,23.21 2 3
github.com/valord577/mailx/file.go:26.2,26.50 1 3
github.com/valord577/mailx/file.go:23.21,25.3 1 3
github.com/valord577/mailx/file.go:29.37,31.18 2 3
github.com/valord577/mailx/file.go:36.2,36.49 1 3
github.com/valord577/mailx/file.go:31.18,33.3 1 2
github.com/valord577/mailx/file.go:33.8,35.3 1 1
github.com/valord577/mailx/msg.go:26.56,28.2 1 6
github.com/valord577/mailx/msg.go:41.44,42.45 1 1
github.com/valord577/mailx/msg.go:45.2,46.18 2 1
github.com/valord577/mailx/msg.go:49.2,49.20 1 1
github.com/valord577/mailx/msg.go:42.45,44.3 1 0
github.com/valord577/mailx/msg.go:46.18,48.3 1 0
github.com/valord577/mailx/msg.go:52.44,53.21 1 1
github.com/valord577/mailx/msg.go:57.2,61.16 5 1
github.com/valord577/mailx/msg.go:65.2,66.15 2 1
github.com/valord577/mailx/msg.go:71.2,71.15 1 1
github.com/valord577/mailx/msg.go:76.2,76.16 1 1
github.com/valord577/mailx/msg.go:81.2,81.18 1 1
github.com/valord577/mailx/msg.go:53.21,55.3 1 0
github.com/valord577/mailx/msg.go:61.16,63.3 1 0
github.com/valord577/mailx/msg.go:66.15,67.39 1 1
github.com/valord577/mailx/msg.go:67.39,69.4 1 1
github.com/valord577/mailx/msg.go:71.15,72.39 1 0
github.com/valord577/mailx/msg.go:72.39,74.4 1 0
github.com/valord577/mailx/msg.go:76.16,77.40 1 0
github.com/valord577/mailx/msg.go:77.40,79.4 1 0
github.com/valord577/mailx/msg.go:89.37,91.2 1 3
github.com/valord577/mailx/msg.go:107.37,109.2 1 0
github.com/valord577/mailx/msg.go:112.32,113.21 1 3
github.com/valord577/mailx/msg.go:116.2,116.18 1 0
github.com/valord577/mailx/msg.go:113.21,115.3 1 3
github.com/valord577/mailx/msg.go:120.39,122.2 1 3
github.com/valord577/mailx/msg.go:124.46,127.16 3 3
github.com/valord577/mailx/msg.go:130.2,130.75 1 3
github.com/valord577/mailx/msg.go:127.16,129.3 1 0
github.com/valord577/mailx/msg.go:133.37,134.16 1 3
github.com/valord577/mailx/msg.go:137.2,137.13 1 0
github.com/valord577/mailx/msg.go:134.16,136.3 1 3
github.com/valord577/mailx/msg.go:140.52,141.19 1 3
github.com/valord577/mailx/msg.go:144.2,144.20 1 3
github.com/valord577/mailx/msg.go:147.2,147.21 1 3
github.com/valord577/mailx/msg.go:151.2,152.16 2 3
github.com/valord577/mailx/msg.go:156.2,169.26 8 3
github.com/valord577/mailx/msg.go:176.2,177.16 2 3
github.com/valord577/mailx/msg.go:186.2,207.16 14 3
github.com/valord577/mailx/msg.go:213.2,214.16 2 3
github.com/valord577/mailx/msg.go:225.2,225.27 1 3
github.com/valord577/mailx/msg.go:141.19,143.3 1 0
github.com/valord577/mailx/msg.go:144.20,146.3 1 0
github.com/valord577/mailx/msg.go:147.21,149.3 1 0
github.com/valord577/mailx/msg.go:152.16,154.3 1 0
github.com/valord577/mailx/msg.go:169.26,173.3 3 4
github.com/valord577/mailx/msg.go:177.16,178.27 1 2
github.com/valord577/mailx/msg.go:178.27,182.4 3 2
github.com/valord577/mailx/msg.go:207.16,208.35 1 0
github.com/valord577/mailx/msg.go:208.35,210.4 1 0
github.com/valord577/mailx/msg.go:214.16,215.30 1 0
github.com/valord577/mailx/msg.go:215.30,216.25 1 0
github.com/valord577/mailx/msg.go:216.25,221.5 4 0
github.com/valord577/mailx/msg_export.go:15.28,27.2 1 3
github.com/valord577/mailx/msg_export.go:30.45,35.2 1 2
github.com/valord577/mailx/msg_export.go:38.49,40.2 1 1
github.com/valord577/mailx/msg_export.go:43.44,45.31 2 2
github.com/valord577/mailx/msg_export.go:51.2,51.18 1 2
github.com/valord577/mailx/msg_export.go:45.31,50.3 1 3
github.com/valord577/mailx/msg_export.go:55.44,57.31 2 1
github.com/valord577/mailx/msg_export.go:63.2,63.42 1 1
github.com/valord577/mailx/msg_export.go:57.31,62.3 1 1
github.com/valord577/mailx/msg_export.go:67.50,69.2 1 0
github.com/valord577/mailx/msg_export.go:72.50,74.2 1 0
github.com/valord577/mailx/msg_export.go:77.44,79.31 2 0
github.com/valord577/mailx/msg_export.go:85.2,85.18 1 0
github.com/valord577/mailx/msg_export.go:79.31,84.3 1 0
github.com/valord577/mailx/msg_export.go:89.44,91.31 2 1
github.com/valord577/mailx/msg_export.go:97.2,97.42 1 1
github.com/valord577/mailx/msg_export.go:91.31,96.3 1 1
github.com/valord577/mailx/msg_export.go:101.50,103.2 1 1
github.com/valord577/mailx/msg_export.go:106.50,108.2 1 0
github.com/valord577/mailx/msg_export.go:111.45,113.31 2 1
github.com/valord577/mailx/msg_export.go:119.2,119.20 1 1
github.com/valord577/mailx/msg_export.go:113.31,118.3 1 1
github.com/valord577/mailx/msg_export.go:123.45,125.31 2 0
github.com/valord577/mailx/msg_export.go:131.2,131.45 1 0
github.com/valord577/mailx/msg_export.go:125.31,130.3 1 0
github.com/valord577/mailx/msg_export.go:135.52,137.2 1 0
github.com/valord577/mailx/msg_export.go:140.52,142.2 1 0
github.com/valord577/mailx/msg_export.go:145.46,147.2 1 3
github.com/valord577/mailx/msg_export.go:150.43,152.2 1 0
github.com/valord577/mailx/msg_export.go:155.43,157.2 1 0
github.com/valord577/mailx/msg_export.go:160.58,163.2 2 0
github.com/valord577/mailx/msg_export.go:166.70,173.2 1 0
github.com/valord577/mailx/msg_export.go:176.70,183.2 1 0
github.com/valord577/mailx/msg_export.go:185.39,186.40 1 3
github.com/valord577/mailx/msg_export.go:186.40,188.3 1 3
github.com/valord577/mailx/msg_export.go:192.45,199.2 1 2
github.com/valord577/mailx/msg_export.go:202.45,209.2 1 0
github.com/valord577/mailx/msg_export.go:212.44,219.2 1 1
github.com/valord577/mailx/msg_export.go:222.44,229.2 1 0
github.com/valord577/mailx/msg_export.go:232.60,239.2 2 2
github.com/valord577/mailx/msg_export.go:242.54,249.2 2 1
github.com/valord577/mailx/msg_export.go:253.55,254.21 1 3
github.com/valord577/mailx/msg_export.go:258.2,267.16 4 3
github.com/valord577/mailx/msg_export.go:270.2,276.16 5 3
github.com/valord577/mailx/msg_export.go:279.2,282.16 3 3
github.com/valord577/mailx/msg_export.go:285.2,288.16 3 3
github.com/valord577/mailx/msg_export.go:291.2,294.16 3 3
github.com/valord577/mailx/msg_export.go:297.2,299.22 2 3
github.com/valord577/mailx/msg_export.go:309.2,309.22 1 3
github.com/valord577/mailx/msg_export.go:319.2,320.16 2 3
github.com/valord577/mailx/msg_export.go:323.2,325.22 2 3
github.com/valord577/mailx/msg_export.go:254.21,256.3 1 0
github.com/valord577/mailx/msg_export.go:267.16,269.3 1 0
github.com/valord577/mailx/msg_export.go:276.16,278.3 1 0
github.com/valord577/mailx/msg_export.go:282.16,284.3 1 0
github.com/valord577/mailx/msg_export.go:288.16,290.3 1 0
github.com/valord577/mailx/msg_export.go:294.16,296.3 1 0
github.com/valord577/mailx/msg_export.go:299.22,300.32 1 3
github.com/valord577/mailx/msg_export.go:300.32,302.18 2 3
github.com/valord577/mailx/msg_export.go:305.4,305.10 1 3
github.com/valord577/mailx/msg_export.go:302.18,304.5 1 0
github.com/valord577/mailx/msg_export.go:309.22,310.32 1 3
github.com/valord577/mailx/msg_export.go:310.32,312.18 2 3
github.com/valord577/mailx/msg_export.go:315.4,315.10 1 3
github.com/valord577/mailx/msg_export.go:312.18,314.5 1 0
github.com/valord577/mailx/msg_export.go:320.16,322.3 1 0
github.com/valord577/mailx/msg_export.go:328.74,337.16 3 3
github.com/valord577/mailx/msg_export.go:340.2,343.16 3 3
github.com/valord577/mailx/msg_export.go:346.2,349.16 3 3
github.com/valord577/mailx/msg_export.go:352.2,355.16 3 3
github.com/valord577/mailx/msg_export.go:358.2,363.16 4 3
github.com/valord577/mailx/msg_export.go:366.2,370.16 4 3
github.com/valord577/mailx/msg_export.go:373.2,375.15 2 3
github.com/valord577/mailx/msg_export.go:337.16,339.3 1 0
github.com/valord577/mailx/msg_export.go:343.16,345.3 1 0
github.com/valord577/mailx/msg_export.go:349.16,351.3 1 0
github.com/valord577/mailx/msg_export.go:355.16,357.3 1 0
github.com/valord577/mailx/msg_export.go:363.16,365.3 1 0
github.com/valord577/mailx/msg_export.go:370.16,372.3 1 0
github.com/valord577/mailx/msg_export.go:378.74,387.16 3 3
github.com/valord577/mailx/msg_export.go:390.2,394.16 3 3
github.com/valord577/mailx/msg_export.go:397.2,401.16 3 3
github.com/valord577/mailx/msg_export.go:404.2,406.22 2 3
github.com/valord577/mailx/msg_export.go:415.2,416.16 2 3
github.com/valord577/mailx/msg_export.go:419.2,422.16 3 3
github.com/valord577/mailx/msg_export.go:425.2,430.16 4 3
github.com/valord577/mailx/msg_export.go:433.2,437.16 4 3
github.com/valord577/mailx/msg_export.go:440.2,442.15 2 3
github.com/valord577/mailx/msg_export.go:387.16,389.3 1 0
github.com/valord577/mailx/msg_export.go:394.16,396.3 1 0
github.com/valord577/mailx/msg_export.go:401.16,403.3 1 0
github.com/valord577/mailx/msg_export.go:406.22,409.17 2 1
github.com/valord577/mailx/msg_export.go:412.3,412.9 1 1
github.com/valord577/mailx/msg_export.go:409.17,411.4 1 0
github.com/valord577/mailx/msg_export.go:416.16,418.3 1 0
github.com/valord577/mailx/msg_export.go:422.16,424.3 1 0
github.com/valord577/mailx/msg_export.go:430.16,432.3 1 0
github.com/valord577/mailx/msg_export.go:437.16,439.3 1 0
